Unity Editor version:    2021.3.22f1 (b6c551784ba3)
Branch:                  2021.3/staging
Build type:              Release
Batch mode:              YES
macOS version:           Version 13.2.1 (Build 22D68)
Darwin version:          22.3.0
Architecture:            arm64
Running under Rosetta:   NO
Available memory:        16384 MB
Using pre-set license
Pro License: YES

COMMAND LINE ARGUMENTS:
/Applications/Unity/Hub/Editor/2021.3.22f1/Unity.app/Contents/MacOS/Unity
-adb2
-batchMode
-noUpm
-name
AssetImportWorker0
-projectPath
/Users/minseo/unity/NetCode
-logFile
Logs/AssetImportWorker0.log
-srvPort
60422
Successfully changed project path to: /Users/minseo/unity/NetCode
/Users/minseo/unity/NetCode
[UnityMemory] Configuration Parameters - Can be set up in boot.config
    "memorysetup-bucket-allocator-granularity=16"
    "memorysetup-bucket-allocator-bucket-count=8"
    "memorysetup-bucket-allocator-block-size=33554432"
    "memorysetup-bucket-allocator-block-count=8"
    "memorysetup-main-allocator-block-size=16777216"
    "memorysetup-thread-allocator-block-size=16777216"
    "memorysetup-gfx-main-allocator-block-size=16777216"
    "memorysetup-gfx-thread-allocator-block-size=16777216"
    "memorysetup-cache-allocator-block-size=4194304"
    "memorysetup-typetree-allocator-block-size=2097152"
    "memorysetup-profiler-bucket-allocator-granularity=16"
    "memorysetup-profiler-bucket-allocator-bucket-count=8"
    "memorysetup-profiler-bucket-allocator-block-size=33554432"
    "memorysetup-profiler-bucket-allocator-block-count=8"
    "memorysetup-profiler-allocator-block-size=16777216"
    "memorysetup-profiler-editor-allocator-block-size=1048576"
    "memorysetup-temp-allocator-size-main=16777216"
    "memorysetup-job-temp-allocator-block-size=2097152"
    "memorysetup-job-temp-allocator-block-size-background=1048576"
    "memorysetup-job-temp-allocator-reduction-small-platforms=262144"
    "memorysetup-temp-allocator-size-background-worker=32768"
    "memorysetup-temp-allocator-size-job-worker=262144"
    "memorysetup-temp-allocator-size-preload-manager=33554432"
    "memorysetup-temp-allocator-size-nav-mesh-worker=65536"
    "memorysetup-temp-allocator-size-audio-worker=65536"
    "memorysetup-temp-allocator-size-cloud-worker=32768"
    "memorysetup-temp-allocator-size-gi-baking-worker=262144"
    "memorysetup-temp-allocator-size-gfx=262144"
Player connection [8483995968] Host "[IP] 172.24.244.134 [Port] 0 [Flags] 2 [Guid] 4203940602 [EditorId] 4203940602 [Version] 1048832 [Id] OSXEditor(0,choeminseoui-MacBookAir.local) [Debug] 1 [PackageName] OSXEditor [ProjectName] Editor" joined multi-casting on [225.0.0.222:54997]...

Player connection [8483995968] Host "[IP] 172.24.244.134 [Port] 0 [Flags] 2 [Guid] 4203940602 [EditorId] 4203940602 [Version] 1048832 [Id] OSXEditor(0,choeminseoui-MacBookAir.local) [Debug] 1 [PackageName] OSXEditor [ProjectName] Editor" joined alternative multi-casting on [225.0.0.222:34997]...

Refreshing native plugins compatible for Editor in 105.27 ms, found 3 plugins.
Preloading 1 native plugins for Editor in 4.37 ms.
Initialize engine version: 2021.3.22f1 (b6c551784ba3)
[Subsystems] Discovering subsystems at path /Applications/Unity/Hub/Editor/2021.3.22f1/Unity.app/Contents/Resources/UnitySubsystems
[Subsystems] Discovering subsystems at path /Users/minseo/unity/NetCode/Assets
GfxDevice: creating device client; threaded=0; jobified=0
 preferred device: Apple M1 (high power)
Metal devices available: 1
0: Apple M1 (high power)
Using device Apple M1 (high power)
Initializing Metal device caps: Apple M1
Initialize mono
Mono path[0] = '/Applications/Unity/Hub/Editor/2021.3.22f1/Unity.app/Contents/Managed'
Mono path[1] = '/Applications/Unity/Hub/Editor/2021.3.22f1/Unity.app/Contents/MonoBleedingEdge/lib/mono/unityjit-macos'
Mono config path = '/Applications/Unity/Hub/Editor/2021.3.22f1/Unity.app/Contents/MonoBleedingEdge/etc'
Using monoOptions --debugger-agent=transport=dt_socket,embedding=1,server=y,suspend=n,address=127.0.0.1:56321
Begin MonoManager ReloadAssembly
Registering precompiled unity dll's ...
Register platform support module: /Applications/Unity/Hub/Editor/2021.3.22f1/Unity.app/Contents/PlaybackEngines/MacStandaloneSupport/UnityEditor.OSXStandalone.Extensions.dll
Register platform support module: /Applications/Unity/Hub/Editor/2021.3.22f1/PlaybackEngines/AndroidPlayer/UnityEditor.Android.Extensions.dll
Registered in 0.002139 seconds.
Native extension for Android target not found
Android Extension - Scanning For ADB Devices 69 ms
Native extension for OSXStandalone target not found
Refreshing native plugins compatible for Editor in 103.71 ms, found 3 plugins.
Preloading 1 native plugins for Editor in 0.22 ms.
Mono: successfully reloaded assembly
- Completed reload, in  0.516 seconds
Domain Reload Profiling:
	ReloadAssembly (517ms)
		BeginReloadAssembly (67ms)
			ExecutionOrderSort (0ms)
			DisableScriptedObjects (0ms)
			BackupInstance (0ms)
			ReleaseScriptingObjects (0ms)
			CreateAndSetChildDomain (0ms)
		EndReloadAssembly (395ms)
			LoadAssemblies (67ms)
			RebuildTransferFunctionScriptingTraits (0ms)
			SetupTypeCache (67ms)
			ReleaseScriptCaches (0ms)
			RebuildScriptCaches (19ms)
			SetupLoadedEditorAssemblies (282ms)
				LogAssemblyErrors (0ms)
				InitializePlatformSupportModulesInManaged (111ms)
				SetLoadedEditorAssemblies (0ms)
				RefreshPlugins (104ms)
				BeforeProcessingInitializeOnLoad (1ms)
				ProcessInitializeOnLoadAttributes (44ms)
				ProcessInitializeOnLoadMethodAttributes (23ms)
				AfterProcessingInitializeOnLoad (0ms)
				EditorAssembliesLoaded (0ms)
			ExecutionOrderSort2 (0ms)
			AwakeInstancesAfterBackupRestoration (0ms)
Platform modules already initialized, skipping
Registering precompiled user dll's ...
Registered in 0.003084 seconds.
Begin MonoManager ReloadAssembly
Symbol file LoadedFromMemory doesn't match image /Users/minseo/unity/NetCode/Library/PackageCache/com.unity.visualscripting@1.8.0/Editor/VisualScripting.Core/Dependencies/DotNetZip/Unity.VisualScripting.IonicZip.dll
Symbol file LoadedFromMemory doesn't match image /Users/minseo/unity/NetCode/Library/PackageCache/com.unity.visualscripting@1.8.0/Editor/VisualScripting.Core/Dependencies/YamlDotNet/Unity.VisualScripting.YamlDotNet.dll
Native extension for Android target not found
Native extension for OSXStandalone target not found
Refreshing native plugins compatible for Editor in 108.15 ms, found 3 plugins.
Preloading 1 native plugins for Editor in 0.24 ms.
Package Manager log level set to [2]
Mono: successfully reloaded assembly
- Completed reload, in  0.925 seconds
Domain Reload Profiling:
	ReloadAssembly (926ms)
		BeginReloadAssembly (62ms)
			ExecutionOrderSort (0ms)
			DisableScriptedObjects (3ms)
			BackupInstance (0ms)
			ReleaseScriptingObjects (0ms)
			CreateAndSetChildDomain (15ms)
		EndReloadAssembly (800ms)
			LoadAssemblies (93ms)
			RebuildTransferFunctionScriptingTraits (0ms)
			SetupTypeCache (211ms)
			ReleaseScriptCaches (1ms)
			RebuildScriptCaches (47ms)
			SetupLoadedEditorAssemblies (412ms)
				LogAssemblyErrors (0ms)
				InitializePlatformSupportModulesInManaged (9ms)
				SetLoadedEditorAssemblies (0ms)
				RefreshPlugins (108ms)
				BeforeProcessingInitializeOnLoad (105ms)
				ProcessInitializeOnLoadAttributes (163ms)
				ProcessInitializeOnLoadMethodAttributes (26ms)
				AfterProcessingInitializeOnLoad (1ms)
				EditorAssembliesLoaded (0ms)
			ExecutionOrderSort2 (0ms)
			AwakeInstancesAfterBackupRestoration (2ms)
Platform modules already initialized, skipping
========================================================================
Worker process is ready to serve import requests
Launching external process: /Applications/Unity/Hub/Editor/2021.3.22f1/Unity.app/Contents/Tools/UnityShaderCompiler
Launched and connected shader compiler UnityShaderCompiler after 0.05 seconds
Refreshing native plugins compatible for Editor in 0.62 ms, found 3 plugins.
Preloading 1 native plugins for Editor in 0.20 ms.
Unloading 5831 Unused Serialized files (Serialized files now loaded: 0)
Unloading 42 unused Assets / (0.6 MB). Loaded Objects now: 6285.
Memory consumption went from 206.7 MB to 206.1 MB.
Total: 2.770458 ms (FindLiveObjects: 0.182209 ms CreateObjectMapping: 0.071875 ms MarkObjects: 2.442458 ms  DeleteObjects: 0.073291 ms)

AssetImportParameters requested are different than current active one (requested -> active):
  custom:video-decoder-ogg-theora: a1e56fd34408186e4bbccfd4996cb3dc -> 
  custom:container-muxer-webm: aa71ff27fc2769a1b78a27578f13a17b -> 
  custom:container-demuxer-webm: 4f35f7cbe854078d1ac9338744f61a02 -> 
  custom:video-encoder-webm-vp8: eb34c28f22e8b96e1ab97ce403110664 -> 
  custom:framework-osx-AVFoundation: e770b220cccbd017edd2c1fefb359320 -> 
  custom:audio-encoder-webm-vorbis: bf7c407c2cedff20999df2af8eb42d56 -> 
  custom:container-demuxer-ogg: 62fdf1f143b41e24485cea50d1cbac27 -> 
  custom:video-decoder-webm-vp8: 9c59270c3fd7afecdb556c50c9e8de78 -> 
  custom:audio-decoder-ogg-vorbis: bf7c407c2cedff20999df2af8eb42d56 -> 
========================================================================
Received Import Request.
  Time since last request: 186493.094585 seconds.
  path: Assets/Prefabs/0.XR Origin (XR Rig).prefab
  artifactKey: Guid(582f97d69167249e8b09f6e904cf0004) Importer(815301076,1909f56bfc062723c751e8b465ee728b)
Start importing Assets/Prefabs/0.XR Origin (XR Rig).prefab using Guid(582f97d69167249e8b09f6e904cf0004) Importer(815301076,1909f56bfc062723c751e8b465ee728b)  -> (artifact id: 'd82b83cc7e496f1f16f5c719d58488c7') in 0.623943 seconds 
========================================================================
Received Import Request.
  Time since last request: 167.422349 seconds.
  path: Assets/Prefabs/0.XR Origin (XR Rig).prefab
  artifactKey: Guid(582f97d69167249e8b09f6e904cf0004) Importer(815301076,1909f56bfc062723c751e8b465ee728b)
Start importing Assets/Prefabs/0.XR Origin (XR Rig).prefab using Guid(582f97d69167249e8b09f6e904cf0004) Importer(815301076,1909f56bfc062723c751e8b465ee728b)  -> (artifact id: 'aecfe2337ab1618a33bde2ad7eb080f9') in 0.039161 seconds 
========================================================================
Received Import Request.
  Time since last request: 52.864470 seconds.
  path: Assets/Prefabs/0.XR Origin (XR Rig).prefab
  artifactKey: Guid(582f97d69167249e8b09f6e904cf0004) Importer(815301076,1909f56bfc062723c751e8b465ee728b)
Start importing Assets/Prefabs/0.XR Origin (XR Rig).prefab using Guid(582f97d69167249e8b09f6e904cf0004) Importer(815301076,1909f56bfc062723c751e8b465ee728b)  -> (artifact id: 'b0393eae4724a914a63d73692c3196b5') in 0.024806 seconds 
========================================================================
Received Prepare
Registering precompiled user dll's ...
Registered in 0.003116 seconds.
Begin MonoManager ReloadAssembly
Thread 0x298b93000 may have been prematurely finalized
Symbol file LoadedFromMemory doesn't match image /Users/minseo/unity/NetCode/Library/PackageCache/com.unity.visualscripting@1.8.0/Editor/VisualScripting.Core/Dependencies/DotNetZip/Unity.VisualScripting.IonicZip.dll
Symbol file LoadedFromMemory doesn't match image /Users/minseo/unity/NetCode/Library/PackageCache/com.unity.visualscripting@1.8.0/Editor/VisualScripting.Core/Dependencies/YamlDotNet/Unity.VisualScripting.YamlDotNet.dll
Native extension for Android target not found
Native extension for OSXStandalone target not found
Refreshing native plugins compatible for Editor in 0.86 ms, found 3 plugins.
Preloading 1 native plugins for Editor in 0.29 ms.
Mono: successfully reloaded assembly
- Completed reload, in  0.824 seconds
Domain Reload Profiling:
	ReloadAssembly (824ms)
		BeginReloadAssembly (133ms)
			ExecutionOrderSort (0ms)
			DisableScriptedObjects (3ms)
			BackupInstance (0ms)
			ReleaseScriptingObjects (0ms)
			CreateAndSetChildDomain (64ms)
		EndReloadAssembly (632ms)
			LoadAssemblies (56ms)
			RebuildTransferFunctionScriptingTraits (0ms)
			SetupTypeCache (244ms)
			ReleaseScriptCaches (1ms)
			RebuildScriptCaches (37ms)
			SetupLoadedEditorAssemblies (256ms)
				LogAssemblyErrors (0ms)
				InitializePlatformSupportModulesInManaged (11ms)
				SetLoadedEditorAssemblies (0ms)
				RefreshPlugins (1ms)
				BeforeProcessingInitializeOnLoad (63ms)
				ProcessInitializeOnLoadAttributes (152ms)
				ProcessInitializeOnLoadMethodAttributes (27ms)
				AfterProcessingInitializeOnLoad (1ms)
				EditorAssembliesLoaded (0ms)
			ExecutionOrderSort2 (0ms)
			AwakeInstancesAfterBackupRestoration (3ms)
Platform modules already initialized, skipping
Refreshing native plugins compatible for Editor in 2.10 ms, found 3 plugins.
Preloading 1 native plugins for Editor in 0.18 ms.
Unloading 5801 Unused Serialized files (Serialized files now loaded: 0)
Unloading 34 unused Assets / (66.7 KB). Loaded Objects now: 6303.
Memory consumption went from 210.8 MB to 210.7 MB.
Total: 3.147959 ms (FindLiveObjects: 0.217792 ms CreateObjectMapping: 0.074875 ms MarkObjects: 2.760416 ms  DeleteObjects: 0.094042 ms)

AssetImportParameters requested are different than current active one (requested -> active):
  custom:video-decoder-ogg-theora: a1e56fd34408186e4bbccfd4996cb3dc -> 
  custom:container-muxer-webm: aa71ff27fc2769a1b78a27578f13a17b -> 
  custom:container-demuxer-webm: 4f35f7cbe854078d1ac9338744f61a02 -> 
  custom:video-encoder-webm-vp8: eb34c28f22e8b96e1ab97ce403110664 -> 
  custom:framework-osx-AVFoundation: e770b220cccbd017edd2c1fefb359320 -> 
  custom:audio-encoder-webm-vorbis: bf7c407c2cedff20999df2af8eb42d56 -> 
  custom:container-demuxer-ogg: 62fdf1f143b41e24485cea50d1cbac27 -> 
  custom:video-decoder-webm-vp8: 9c59270c3fd7afecdb556c50c9e8de78 -> 
  custom:audio-decoder-ogg-vorbis: bf7c407c2cedff20999df2af8eb42d56 -> 
========================================================================
Received Prepare
Registering precompiled user dll's ...
Registered in 0.003984 seconds.
Begin MonoManager ReloadAssembly
Thread 0x16df37000 may have been prematurely finalized
Symbol file LoadedFromMemory doesn't match image /Users/minseo/unity/NetCode/Library/PackageCache/com.unity.visualscripting@1.8.0/Editor/VisualScripting.Core/Dependencies/DotNetZip/Unity.VisualScripting.IonicZip.dll
Symbol file LoadedFromMemory doesn't match image /Users/minseo/unity/NetCode/Library/PackageCache/com.unity.visualscripting@1.8.0/Editor/VisualScripting.Core/Dependencies/YamlDotNet/Unity.VisualScripting.YamlDotNet.dll
Native extension for Android target not found
Native extension for OSXStandalone target not found
Refreshing native plugins compatible for Editor in 0.86 ms, found 3 plugins.
Preloading 1 native plugins for Editor in 0.28 ms.
Mono: successfully reloaded assembly
- Completed reload, in  0.743 seconds
Domain Reload Profiling:
	ReloadAssembly (743ms)
		BeginReloadAssembly (91ms)
			ExecutionOrderSort (0ms)
			DisableScriptedObjects (3ms)
			BackupInstance (0ms)
			ReleaseScriptingObjects (0ms)
			CreateAndSetChildDomain (36ms)
		EndReloadAssembly (596ms)
			LoadAssemblies (45ms)
			RebuildTransferFunctionScriptingTraits (0ms)
			SetupTypeCache (217ms)
			ReleaseScriptCaches (1ms)
			RebuildScriptCaches (35ms)
			SetupLoadedEditorAssemblies (255ms)
				LogAssemblyErrors (0ms)
				InitializePlatformSupportModulesInManaged (11ms)
				SetLoadedEditorAssemblies (0ms)
				RefreshPlugins (1ms)
				BeforeProcessingInitializeOnLoad (63ms)
				ProcessInitializeOnLoadAttributes (150ms)
				ProcessInitializeOnLoadMethodAttributes (28ms)
				AfterProcessingInitializeOnLoad (1ms)
				EditorAssembliesLoaded (0ms)
			ExecutionOrderSort2 (0ms)
			AwakeInstancesAfterBackupRestoration (2ms)
Platform modules already initialized, skipping
Refreshing native plugins compatible for Editor in 1.53 ms, found 3 plugins.
Preloading 1 native plugins for Editor in 0.22 ms.
Unloading 5801 Unused Serialized files (Serialized files now loaded: 0)
Unloading 33 unused Assets / (65.9 KB). Loaded Objects now: 6307.
Memory consumption went from 210.8 MB to 210.7 MB.
Total: 2.916750 ms (FindLiveObjects: 0.194375 ms CreateObjectMapping: 0.073084 ms MarkObjects: 2.567000 ms  DeleteObjects: 0.081625 ms)

AssetImportParameters requested are different than current active one (requested -> active):
  custom:video-decoder-ogg-theora: a1e56fd34408186e4bbccfd4996cb3dc -> 
  custom:container-muxer-webm: aa71ff27fc2769a1b78a27578f13a17b -> 
  custom:container-demuxer-webm: 4f35f7cbe854078d1ac9338744f61a02 -> 
  custom:video-encoder-webm-vp8: eb34c28f22e8b96e1ab97ce403110664 -> 
  custom:framework-osx-AVFoundation: e770b220cccbd017edd2c1fefb359320 -> 
  custom:audio-encoder-webm-vorbis: bf7c407c2cedff20999df2af8eb42d56 -> 
  custom:container-demuxer-ogg: 62fdf1f143b41e24485cea50d1cbac27 -> 
  custom:video-decoder-webm-vp8: 9c59270c3fd7afecdb556c50c9e8de78 -> 
  custom:audio-decoder-ogg-vorbis: bf7c407c2cedff20999df2af8eb42d56 -> 
========================================================================
Received Import Request.
  Time since last request: 118.017966 seconds.
  path: Assets/Prefabs/0.Setup XR Origin (XR Rig).prefab
  artifactKey: Guid(311376fc49b5c4330919577c2b99988a) Importer(815301076,1909f56bfc062723c751e8b465ee728b)
Start importing Assets/Prefabs/0.Setup XR Origin (XR Rig).prefab using Guid(311376fc49b5c4330919577c2b99988a) Importer(815301076,1909f56bfc062723c751e8b465ee728b)  -> (artifact id: '2606a99d4210cbe4c91d84d6f1218c7f') in 0.086041 seconds 
========================================================================
Received Import Request.
  Time since last request: 13.685038 seconds.
  path: Assets/Prefabs/0.XR Origin (XR Rig).prefab
  artifactKey: Guid(582f97d69167249e8b09f6e904cf0004) Importer(815301076,1909f56bfc062723c751e8b465ee728b)
Start importing Assets/Prefabs/0.XR Origin (XR Rig).prefab using Guid(582f97d69167249e8b09f6e904cf0004) Importer(815301076,1909f56bfc062723c751e8b465ee728b)  -> (artifact id: '1b33ee22ed4221b957903c064bd234c5') in 0.024592 seconds 
========================================================================
Received Import Request.
  Time since last request: 94.636225 seconds.
  path: Assets/Prefabs/0.XR Origin (XR Rig).prefab
  artifactKey: Guid(582f97d69167249e8b09f6e904cf0004) Importer(815301076,1909f56bfc062723c751e8b465ee728b)
Start importing Assets/Prefabs/0.XR Origin (XR Rig).prefab using Guid(582f97d69167249e8b09f6e904cf0004) Importer(815301076,1909f56bfc062723c751e8b465ee728b)  -> (artifact id: '17b40804dc3ae583f39ec5d71132cfc9') in 0.045253 seconds 
========================================================================
Received Import Request.
  Time since last request: 1.746629 seconds.
  path: Assets/Prefabs/0.XR Origin (XR Rig).prefab
  artifactKey: Guid(582f97d69167249e8b09f6e904cf0004) Importer(815301076,1909f56bfc062723c751e8b465ee728b)
Start importing Assets/Prefabs/0.XR Origin (XR Rig).prefab using Guid(582f97d69167249e8b09f6e904cf0004) Importer(815301076,1909f56bfc062723c751e8b465ee728b)  -> (artifact id: 'c51b83e44a0ae48ecf2fee6e39d05631') in 0.023788 seconds 
========================================================================
Received Import Request.
  Time since last request: 1.382553 seconds.
  path: Assets/Prefabs/0.XR Origin (XR Rig).prefab
  artifactKey: Guid(582f97d69167249e8b09f6e904cf0004) Importer(815301076,1909f56bfc062723c751e8b465ee728b)
Start importing Assets/Prefabs/0.XR Origin (XR Rig).prefab using Guid(582f97d69167249e8b09f6e904cf0004) Importer(815301076,1909f56bfc062723c751e8b465ee728b)  -> (artifact id: '11fdc43e8ec682e37ba542a4a8083c71') in 0.022942 seconds 
========================================================================
Received Import Request.
  Time since last request: 1.190136 seconds.
  path: Assets/Prefabs/0.XR Origin (XR Rig).prefab
  artifactKey: Guid(582f97d69167249e8b09f6e904cf0004) Importer(815301076,1909f56bfc062723c751e8b465ee728b)
Start importing Assets/Prefabs/0.XR Origin (XR Rig).prefab using Guid(582f97d69167249e8b09f6e904cf0004) Importer(815301076,1909f56bfc062723c751e8b465ee728b)  -> (artifact id: 'b73f1e634aef327ad582fbc5f03c814f') in 0.024840 seconds 
========================================================================
Received Import Request.
  Time since last request: 0.776914 seconds.
  path: Assets/Prefabs/0.XR Origin (XR Rig).prefab
  artifactKey: Guid(582f97d69167249e8b09f6e904cf0004) Importer(815301076,1909f56bfc062723c751e8b465ee728b)
Start importing Assets/Prefabs/0.XR Origin (XR Rig).prefab using Guid(582f97d69167249e8b09f6e904cf0004) Importer(815301076,1909f56bfc062723c751e8b465ee728b)  -> (artifact id: '924ab3e94d0c0da10c5abe0aa170da87') in 0.024411 seconds 
========================================================================
Received Import Request.
  Time since last request: 3.818583 seconds.
  path: Assets/Prefabs/0.XR Origin (XR Rig).prefab
  artifactKey: Guid(582f97d69167249e8b09f6e904cf0004) Importer(815301076,1909f56bfc062723c751e8b465ee728b)
Start importing Assets/Prefabs/0.XR Origin (XR Rig).prefab using Guid(582f97d69167249e8b09f6e904cf0004) Importer(815301076,1909f56bfc062723c751e8b465ee728b)  -> (artifact id: '46dbb3d1a1d5b34a57c5f8a1f27161ad') in 0.023021 seconds 
========================================================================
Received Import Request.
  Time since last request: 46.719779 seconds.
  path: Assets/Mat/Blue.mat
  artifactKey: Guid(816eca9e41169b44bbd6688c366d5198) Importer(815301076,1909f56bfc062723c751e8b465ee728b)
Start importing Assets/Mat/Blue.mat using Guid(816eca9e41169b44bbd6688c366d5198) Importer(815301076,1909f56bfc062723c751e8b465ee728b)  -> (artifact id: 'ce112f7d7080480a0b9334178bc86036') in 0.140805 seconds 
========================================================================
Received Import Request.
  Time since last request: 0.000063 seconds.
  path: Assets/Mat/Controller.mat
  artifactKey: Guid(6cab19ad5c017924f846aba9d2b41f9c) Importer(815301076,1909f56bfc062723c751e8b465ee728b)
Start importing Assets/Mat/Controller.mat using Guid(6cab19ad5c017924f846aba9d2b41f9c) Importer(815301076,1909f56bfc062723c751e8b465ee728b)  -> (artifact id: 'd342386f598fcadc73bb0caa7079f557') in 0.004490 seconds 
========================================================================
Received Import Request.
  Time since last request: 0.000073 seconds.
  path: Assets/Mat/Eye.mat
  artifactKey: Guid(a300522d3fe4bd84da44481df6effc48) Importer(815301076,1909f56bfc062723c751e8b465ee728b)
Start importing Assets/Mat/Eye.mat using Guid(a300522d3fe4bd84da44481df6effc48) Importer(815301076,1909f56bfc062723c751e8b465ee728b)  -> (artifact id: '21ddbb5004041eabf75997c4fd08071d') in 0.005829 seconds 
========================================================================
Received Import Request.
  Time since last request: 0.000060 seconds.
  path: Assets/Mat/Face.mat
  artifactKey: Guid(cb9e8074737bbcb4cae6bff3755a7b99) Importer(815301076,1909f56bfc062723c751e8b465ee728b)
Start importing Assets/Mat/Face.mat using Guid(cb9e8074737bbcb4cae6bff3755a7b99) Importer(815301076,1909f56bfc062723c751e8b465ee728b)  -> (artifact id: 'b751a121113d13e398ba7628c94f7024') in 0.005144 seconds 
========================================================================
Received Import Request.
  Time since last request: 0.000042 seconds.
  path: Assets/Mat/White.mat
  artifactKey: Guid(8a71b472ccd33a74eb0b6060375d5491) Importer(815301076,1909f56bfc062723c751e8b465ee728b)
Start importing Assets/Mat/White.mat using Guid(8a71b472ccd33a74eb0b6060375d5491) Importer(815301076,1909f56bfc062723c751e8b465ee728b)  -> (artifact id: '4c8bfa55cb17b86f7d4424a9bf01f50d') in 0.005267 seconds 
========================================================================
Received Import Request.
  Time since last request: 0.000052 seconds.
  path: Assets/Mat/Red.mat
  artifactKey: Guid(5e977897509e78c4eb709c12fd97bd1e) Importer(815301076,1909f56bfc062723c751e8b465ee728b)
Start importing Assets/Mat/Red.mat using Guid(5e977897509e78c4eb709c12fd97bd1e) Importer(815301076,1909f56bfc062723c751e8b465ee728b)  -> (artifact id: '3b5a5256e6685e28728e5cc46f19c7d6') in 0.007349 seconds 
========================================================================
Received Import Request.
  Time since last request: 70.333758 seconds.
  path: Assets/Mat/Blue.mat
  artifactKey: Guid(816eca9e41169b44bbd6688c366d5198) Importer(815301076,1909f56bfc062723c751e8b465ee728b)
Start importing Assets/Mat/Blue.mat using Guid(816eca9e41169b44bbd6688c366d5198) Importer(815301076,1909f56bfc062723c751e8b465ee728b)  -> (artifact id: '6cfc93ac7791c2fb4195a41d46644512') in 0.107724 seconds 
========================================================================
Received Import Request.
  Time since last request: 0.000051 seconds.
  path: Assets/Mat/Eye.mat
  artifactKey: Guid(a300522d3fe4bd84da44481df6effc48) Importer(815301076,1909f56bfc062723c751e8b465ee728b)
Start importing Assets/Mat/Eye.mat using Guid(a300522d3fe4bd84da44481df6effc48) Importer(815301076,1909f56bfc062723c751e8b465ee728b)  -> (artifact id: '22e75fbd8ba7b728b2699ebe669641cf') in 0.004754 seconds 
========================================================================
Received Import Request.
  Time since last request: 0.000040 seconds.
  path: Assets/Mat/White.mat
  artifactKey: Guid(8a71b472ccd33a74eb0b6060375d5491) Importer(815301076,1909f56bfc062723c751e8b465ee728b)
Start importing Assets/Mat/White.mat using Guid(8a71b472ccd33a74eb0b6060375d5491) Importer(815301076,1909f56bfc062723c751e8b465ee728b)  -> (artifact id: 'a4f15c6a401a9557db3ceb6a01250b18') in 0.005740 seconds 
========================================================================
Received Prepare
Refreshing native plugins compatible for Editor in 6.18 ms, found 3 plugins.
Preloading 1 native plugins for Editor in 0.23 ms.
Unloading 33 Unused Serialized files (Serialized files now loaded: 0)
Unloading 34 unused Assets / (67.0 KB). Loaded Objects now: 6341.
Memory consumption went from 100.1 MB to 100.1 MB.
Total: 5.813209 ms (FindLiveObjects: 0.219542 ms CreateObjectMapping: 0.071000 ms MarkObjects: 5.453000 ms  DeleteObjects: 0.069250 ms)

AssetImportParameters requested are different than current active one (requested -> active):
  custom:video-decoder-ogg-theora: a1e56fd34408186e4bbccfd4996cb3dc -> 
  custom:container-muxer-webm: aa71ff27fc2769a1b78a27578f13a17b -> 
  custom:container-demuxer-webm: 4f35f7cbe854078d1ac9338744f61a02 -> 
  custom:video-encoder-webm-vp8: eb34c28f22e8b96e1ab97ce403110664 -> 
  custom:framework-osx-AVFoundation: e770b220cccbd017edd2c1fefb359320 -> 
  custom:audio-encoder-webm-vorbis: bf7c407c2cedff20999df2af8eb42d56 -> 
  custom:container-demuxer-ogg: 62fdf1f143b41e24485cea50d1cbac27 -> 
  custom:video-decoder-webm-vp8: 9c59270c3fd7afecdb556c50c9e8de78 -> 
  custom:audio-decoder-ogg-vorbis: bf7c407c2cedff20999df2af8eb42d56 -> 
========================================================================
Received Prepare
Registering precompiled user dll's ...
Registered in 0.003063 seconds.
Begin MonoManager ReloadAssembly
Thread 0x16d8a7000 may have been prematurely finalized
Symbol file LoadedFromMemory doesn't match image /Users/minseo/unity/NetCode/Library/PackageCache/com.unity.visualscripting@1.8.0/Editor/VisualScripting.Core/Dependencies/DotNetZip/Unity.VisualScripting.IonicZip.dll
Symbol file LoadedFromMemory doesn't match image /Users/minseo/unity/NetCode/Library/PackageCache/com.unity.visualscripting@1.8.0/Editor/VisualScripting.Core/Dependencies/YamlDotNet/Unity.VisualScripting.YamlDotNet.dll
Native extension for Android target not found
Native extension for OSXStandalone target not found
Refreshing native plugins compatible for Editor in 0.94 ms, found 3 plugins.
Preloading 1 native plugins for Editor in 0.26 ms.
Mono: successfully reloaded assembly
- Completed reload, in  0.879 seconds
Domain Reload Profiling:
	ReloadAssembly (880ms)
		BeginReloadAssembly (146ms)
			ExecutionOrderSort (0ms)
			DisableScriptedObjects (3ms)
			BackupInstance (0ms)
			ReleaseScriptingObjects (0ms)
			CreateAndSetChildDomain (75ms)
		EndReloadAssembly (674ms)
			LoadAssemblies (65ms)
			RebuildTransferFunctionScriptingTraits (0ms)
			SetupTypeCache (259ms)
			ReleaseScriptCaches (2ms)
			RebuildScriptCaches (39ms)
			SetupLoadedEditorAssemblies (271ms)
				LogAssemblyErrors (0ms)
				InitializePlatformSupportModulesInManaged (11ms)
				SetLoadedEditorAssemblies (0ms)
				RefreshPlugins (1ms)
				BeforeProcessingInitializeOnLoad (65ms)
				ProcessInitializeOnLoadAttributes (164ms)
				ProcessInitializeOnLoadMethodAttributes (29ms)
				AfterProcessingInitializeOnLoad (1ms)
				EditorAssembliesLoaded (0ms)
			ExecutionOrderSort2 (0ms)
			AwakeInstancesAfterBackupRestoration (2ms)
Platform modules already initialized, skipping
Refreshing native plugins compatible for Editor in 1.68 ms, found 3 plugins.
Preloading 1 native plugins for Editor in 0.29 ms.
Unloading 5801 Unused Serialized files (Serialized files now loaded: 0)
Unloading 33 unused Assets / (65.9 KB). Loaded Objects now: 6344.
Memory consumption went from 215.2 MB to 215.2 MB.
Total: 3.468458 ms (FindLiveObjects: 0.240958 ms CreateObjectMapping: 0.077250 ms MarkObjects: 2.934792 ms  DeleteObjects: 0.215000 ms)

AssetImportParameters requested are different than current active one (requested -> active):
  custom:video-decoder-ogg-theora: a1e56fd34408186e4bbccfd4996cb3dc -> 
  custom:container-muxer-webm: aa71ff27fc2769a1b78a27578f13a17b -> 
  custom:container-demuxer-webm: 4f35f7cbe854078d1ac9338744f61a02 -> 
  custom:video-encoder-webm-vp8: eb34c28f22e8b96e1ab97ce403110664 -> 
  custom:framework-osx-AVFoundation: e770b220cccbd017edd2c1fefb359320 -> 
  custom:audio-encoder-webm-vorbis: bf7c407c2cedff20999df2af8eb42d56 -> 
  custom:container-demuxer-ogg: 62fdf1f143b41e24485cea50d1cbac27 -> 
  custom:video-decoder-webm-vp8: 9c59270c3fd7afecdb556c50c9e8de78 -> 
  custom:audio-decoder-ogg-vorbis: bf7c407c2cedff20999df2af8eb42d56 -> 
========================================================================
Received Import Request.
  Time since last request: 125.460443 seconds.
  path: Assets/XR/Settings
  artifactKey: Guid(ed269834e1253486fafda1386c9b19d9) Importer(815301076,1909f56bfc062723c751e8b465ee728b)
Start importing Assets/XR/Settings using Guid(ed269834e1253486fafda1386c9b19d9) Importer(815301076,1909f56bfc062723c751e8b465ee728b)  -> (artifact id: '3a6d9c4a6b94e78f0ac9e9bb9cea8141') in 0.036354 seconds 
========================================================================
Received Import Request.
  Time since last request: 0.534514 seconds.
  path: Assets/XR/Loaders
  artifactKey: Guid(fc63109bd4bec4f649546e3fe8f56edf) Importer(815301076,1909f56bfc062723c751e8b465ee728b)
Start importing Assets/XR/Loaders using Guid(fc63109bd4bec4f649546e3fe8f56edf) Importer(815301076,1909f56bfc062723c751e8b465ee728b)  -> (artifact id: '959801b01d11e5c7dd3e7564333988df') in 0.000844 seconds 
========================================================================
Received Import Request.
  Time since last request: 5.446311 seconds.
  path: Packages/com.unity.xr.interaction.toolkit/package.json
  artifactKey: Guid(fac9fb4ad804244e0911f21e340a3d5b) Importer(815301076,1909f56bfc062723c751e8b465ee728b)
Start importing Packages/com.unity.xr.interaction.toolkit/package.json using Guid(fac9fb4ad804244e0911f21e340a3d5b) Importer(815301076,1909f56bfc062723c751e8b465ee728b)  -> (artifact id: '424680f5c7100e66171b103d37fb0211') in 0.749597 seconds 
========================================================================
Received Import Request.
  Time since last request: 0.017874 seconds.
  path: Packages/com.unity.xr.legacyinputhelpers/package.json
  artifactKey: Guid(d16ab7e2b2998ad4c9729d86bb9aa666) Importer(815301076,1909f56bfc062723c751e8b465ee728b)
Start importing Packages/com.unity.xr.legacyinputhelpers/package.json using Guid(d16ab7e2b2998ad4c9729d86bb9aa666) Importer(815301076,1909f56bfc062723c751e8b465ee728b)  -> (artifact id: 'fe4e2c08d5da68963b122dcb8c58ad36') in 0.002394 seconds 
========================================================================
Received Import Request.
  Time since last request: 0.659589 seconds.
  path: Packages/com.unity.xr.management/package.json
  artifactKey: Guid(a8437ae6df3ab4de78c661f8e1148bbb) Importer(815301076,1909f56bfc062723c751e8b465ee728b)
Start importing Packages/com.unity.xr.management/package.json using Guid(a8437ae6df3ab4de78c661f8e1148bbb) Importer(815301076,1909f56bfc062723c751e8b465ee728b)  -> (artifact id: '9be99df4828bdabbaa4492ae7a8580e6') in 0.001858 seconds 
========================================================================
Received Import Request.
  Time since last request: 5.829703 seconds.
  path: Assets/XR/Settings/Oculus Settings.asset
  artifactKey: Guid(a2221de2f76d547cdabac5eca3fcc0be) Importer(815301076,1909f56bfc062723c751e8b465ee728b)
Start importing Assets/XR/Settings/Oculus Settings.asset using Guid(a2221de2f76d547cdabac5eca3fcc0be) Importer(815301076,1909f56bfc062723c751e8b465ee728b)  -> (artifact id: '1ad5578ae3ac812b2b21ead060a3e5f5') in 0.044320 seconds 
========================================================================
Received Import Request.
  Time since last request: 3.330759 seconds.
  path: Assets/Scenes/SampleScene.unity
  artifactKey: Guid(9fc0d4010bbf28b4594072e72b8655ab) Importer(815301076,1909f56bfc062723c751e8b465ee728b)
Start importing Assets/Scenes/SampleScene.unity using Guid(9fc0d4010bbf28b4594072e72b8655ab) Importer(815301076,1909f56bfc062723c751e8b465ee728b)  -> (artifact id: '616fdead1ec33a06d6324c86f1c0022e') in 0.001431 seconds 
